<?xml version="1.0" encoding="UTF-8"?>
<!-- Generated by org.testng.reporters.JUnitReportReporter -->
<testsuite hostname="SAMIR-SANDILYA" failures="0" tests="1" name="com.niqsam.testscript.AccountModule" time="0.020" errors="0" timestamp="2024-11-30T19:24:47 IST" skipped="0">
  <testcase classname="com.niqsam.testscript.AccountModule" name="createAcccount" time="0.020">
    <system-out>
      <![CDATA[createaccount]]>
    </system-out>
  </testcase> <!-- createAcccount -->
  <system-out>
    <![CDATA[createaccount]]>
  </system-out>
</testsuite> <!-- com.niqsam.testscript.AccountModule -->
